<?xml version="1.0" encoding="UTF-8"?>
<!-- Generated by org.testng.reporters.JUnitXMLReporter -->
<testsuite ignored="6" hostname="hiteshpatiyal2566" failures="0" tests="5" name="Regression Test" time="67.004" errors="0" timestamp="2023-07-29T20:55:49 IST">
  <testcase classname="QKART_TESTNG.QKART_Tests" name="TestCase04" time="11.82"/>
  <testcase classname="QKART_TESTNG.QKART_Tests" name="TestCase06" time="29.109"/>
  <testcase classname="QKART_TESTNG.QKART_Tests" name="TestCase08" time="15.417"/>
  <testcase classname="QKART_TESTNG.QKART_Tests" name="TestCase09" time="8.327"/>
  <testcase classname="QKART_TESTNG.QKART_Tests" name="TestCase10" time="2.306"/>
  <testcase classname="QKART_TESTNG.QKART_Tests" name="TestCase07" time="0.0">
    <ignored/>
  </testcase> <!-- TestCase07 -->
  <testcase classname="QKART_TESTNG.QKART_Tests" name="TestCase02" time="0.0">
    <ignored/>
  </testcase> <!-- TestCase02 -->
  <testcase classname="QKART_TESTNG.QKART_Tests" name="TestCase03" time="0.0">
    <ignored/>
  </testcase> <!-- TestCase03 -->
  <testcase classname="QKART_TESTNG.QKART_Tests" name="TestCase05" time="0.0">
    <ignored/>
  </testcase> <!-- TestCase05 -->
  <testcase classname="QKART_TESTNG.QKART_Tests" name="TestCase11" time="0.0">
    <ignored/>
  </testcase> <!-- TestCase11 -->
  <testcase classname="QKART_TESTNG.QKART_Tests" name="TestCase01" time="0.0">
    <ignored/>
  </testcase> <!-- TestCase01 -->
</testsuite> <!-- Regression Test -->
