<?xml version="1.0" encoding="UTF-8"?>
<!-- Generated by org.testng.reporters.JUnitXMLReporter -->
<testsuite ignored="5" hostname="hiteshpatiyal2566" failures="0" tests="6" name="Sanity Test" time="305.507" errors="0" timestamp="2023-07-29T20:54:42 IST">
  <testcase classname="QKART_TESTNG.QKART_Tests" name="TestCase01" time="8.55"/>
  <testcase classname="QKART_TESTNG.QKART_Tests" name="TestCase02" time="34.396"/>
  <testcase classname="QKART_TESTNG.QKART_Tests" name="TestCase03" time="34.972"/>
  <testcase classname="QKART_TESTNG.QKART_Tests" name="TestCase05" time="50.217"/>
  <testcase classname="QKART_TESTNG.QKART_Tests" name="TestCase07" time="153.461"/>
  <testcase classname="QKART_TESTNG.QKART_Tests" name="TestCase11" time="23.758"/>
  <testcase classname="QKART_TESTNG.QKART_Tests" name="TestCase04" time="0.0">
    <ignored/>
  </testcase> <!-- TestCase04 -->
  <testcase classname="QKART_TESTNG.QKART_Tests" name="TestCase06" time="0.0">
    <ignored/>
  </testcase> <!-- TestCase06 -->
  <testcase classname="QKART_TESTNG.QKART_Tests" name="TestCase08" time="0.0">
    <ignored/>
  </testcase> <!-- TestCase08 -->
  <testcase classname="QKART_TESTNG.QKART_Tests" name="TestCase09" time="0.0">
    <ignored/>
  </testcase> <!-- TestCase09 -->
  <testcase classname="QKART_TESTNG.QKART_Tests" name="TestCase10" time="0.0">
    <ignored/>
  </testcase> <!-- TestCase10 -->
</testsuite> <!-- Sanity Test -->
